<?xml version="1.0" encoding="UTF-8"?>
<!-- Generated by org.testng.reporters.JUnitReportReporter -->
<testsuite hostname="DESKTOP-950RKGG" failures="0" tests="1" name="com.crm.qa.testcases.JSExecutorDemo" time="4.454" errors="0" timestamp="2022-05-03T11:33:38 IST" skipped="0">
  <testcase classname="com.crm.qa.testcases.JSExecutorDemo" name="titleTest" time="4.454"/>
  <system-out/>
</testsuite> <!-- com.crm.qa.testcases.JSExecutorDemo -->
